<?xml version="1.0" encoding="UTF-8"?>
<!-- Generated by org.testng.reporters.JUnitReportReporter -->
<testsuite hostname="Antimatter" failures="0" tests="1" name="test.Personalloan" time="0.001" errors="0" timestamp="2025-05-23T15:53:17 IST" skipped="0">
  <testcase classname="test.Personalloan" name="p1" time="0.001"/>
  <system-out/>
</testsuite> <!-- test.Personalloan -->
