<?xml version="1.0" encoding="UTF-8"?>
<!-- Generated by org.testng.reporters.JUnitReportReporter -->
<testsuite hostname="Antimatter" failures="0" tests="1" name="test.day2" time="0.011" errors="0" timestamp="2025-05-23T15:53:17 IST" skipped="0">
  <testcase classname="test.day2" name="demo3" time="0.011"/>
  <system-out/>
</testsuite> <!-- test.day2 -->
