<?xml version="1.0" encoding="UTF-8"?>
<!-- Generated by org.testng.reporters.JUnitReportReporter -->
<testsuite hostname="Antimatter" failures="0" tests="1" name="test.day1" time="0.006" errors="0" timestamp="2024-01-15T14:11:40 IST" skipped="0">
  <testcase classname="test.day1" name="demo" time="0.006"/>
  <system-out/>
</testsuite> <!-- test.day1 -->
