<?xml version="1.0" encoding="UTF-8"?>
<!-- Generated by org.testng.reporters.JUnitReportReporter -->
<testsuite hostname="DESKTOP-IDU58HB" failures="0" tests="4" name="testrunner.testngrunner" time="0.087" errors="0" timestamp="2025-06-02T02:44:46 IST" skipped="0">
  <testcase classname="testrunner.testngrunner" name="runScenario" time="0.006"/>
  <testcase classname="testrunner.testngrunner" name="runScenario" time="0.011"/>
  <testcase classname="testrunner.testngrunner" name="runScenario" time="0.003"/>
  <testcase classname="testrunner.testngrunner" name="runScenario" time="0.067"/>
</testsuite> <!-- testrunner.testngrunner -->
