<?xml version="1.0" encoding="UTF-8"?>
<!-- Generated by org.testng.reporters.JUnitReportReporter -->
<testsuite hostname="Antimatter" failures="0" tests="5" name="testrunner.testngrunner" time="0.078" errors="0" timestamp="2025-06-01T21:08:08 IST" skipped="0">
  <testcase classname="testrunner.testngrunner" name="runScenario" time="0.004"/>
  <testcase classname="testrunner.testngrunner" name="runScenario" time="0.005"/>
  <testcase classname="testrunner.testngrunner" name="runScenario" time="0.063"/>
  <testcase classname="testrunner.testngrunner" name="runScenario" time="0.004"/>
  <testcase classname="testrunner.testngrunner" name="runScenario" time="0.002"/>
</testsuite> <!-- testrunner.testngrunner -->
